<?xml version="1.0" encoding="UTF-8"?>
<robot generator="Robot 3.2.2 (Python 3.8.2 on linux)" generated="20201005 22:30:57.865" rpa="false">
<suite id="s1" name="Robot-Framework" source="/home/robot-framework">
<suite id="s1-s1" name="Test" source="/home/robot-framework/test.robot">
<test id="s1-s1-t1" name="Test Random">
<kw name="Generate Gender Firstname Surname">
<assign>
<var>${x}</var>
</assign>
<kw name="Create List" library="BuiltIn">
<doc>Returns a list containing given items.</doc>
<arguments>
<arg>Aaron</arg>
<arg>Abdul</arg>
<arg>Abe</arg>
<arg>Abel</arg>
<arg>Abraham</arg>
<arg>Abram</arg>
<arg>Adalberto</arg>
<arg>Adam</arg>
<arg>Adan</arg>
<arg>Adolfo</arg>
<arg>Adolph</arg>
<arg>Adrian</arg>
<arg>Agustin</arg>
<arg>Ahmad</arg>
<arg>Ahmed</arg>
<arg>Al</arg>
</arguments>
<assign>
<var>@{maleNames}</var>
</assign>
<msg timestamp="20201005 22:30:58.146" level="INFO">@{maleNames} = [ Aaron | Abdul | Abe | Abel | Abraham | Abram | Adalberto | Adam | Adan | Adolfo | Adolph | Adrian | Agustin | Ahmad | Ahmed | Al ]</msg>
<status status="PASS" starttime="20201005 22:30:58.146" endtime="20201005 22:30:58.146"></status>
</kw>
<kw name="Create List" library="BuiltIn">
<doc>Returns a list containing given items.</doc>
<arguments>
<arg>Earlean</arg>
<arg>Earleen</arg>
<arg>Earlene</arg>
<arg>Earlie</arg>
<arg>Earline</arg>
<arg>Earnestine</arg>
<arg>Eartha</arg>
<arg>Easter</arg>
<arg>Eboni</arg>
<arg>Ebonie</arg>
<arg>Ebony</arg>
<arg>Echo</arg>
<arg>Eda</arg>
</arguments>
<assign>
<var>@{femaleNames}</var>
</assign>
<msg timestamp="20201005 22:30:58.147" level="INFO">@{femaleNames} = [ Earlean | Earleen | Earlene | Earlie | Earline | Earnestine | Eartha | Easter | Eboni | Ebonie | Ebony | Echo | Eda ]</msg>
<status status="PASS" starttime="20201005 22:30:58.147" endtime="20201005 22:30:58.147"></status>
</kw>
<kw name="Create List" library="BuiltIn">
<doc>Returns a list containing given items.</doc>
<arguments>
<arg>Smith</arg>
<arg>Jones</arg>
<arg>Brown</arg>
<arg>Browne</arg>
<arg>Taylor</arg>
<arg>Page</arg>
<arg>Afroudakis</arg>
<arg>Alexandris</arg>
<arg>Alexandrou</arg>
<arg>Alexiou</arg>
<arg>Alexopoulos</arg>
<arg>Anastasopoulos</arg>
</arguments>
<assign>
<var>@{surNames}</var>
</assign>
<msg timestamp="20201005 22:30:58.147" level="INFO">@{surNames} = [ Smith | Jones | Brown | Browne | Taylor | Page | Afroudakis | Alexandris | Alexandrou | Alexiou | Alexopoulos | Anastasopoulos ]</msg>
<status status="PASS" starttime="20201005 22:30:58.147" endtime="20201005 22:30:58.147"></status>
</kw>
<kw name="Evaluate" library="BuiltIn">
<doc>Evaluates the given expression in Python and returns the result.</doc>
<arguments>
<arg>random.randint(0, 1)</arg>
<arg>modules=random,sys</arg>
</arguments>
<assign>
<var>${randGender}</var>
</assign>
<msg timestamp="20201005 22:30:58.148" level="INFO">${randGender} = 0</msg>
<status status="PASS" starttime="20201005 22:30:58.148" endtime="20201005 22:30:58.148"></status>
</kw>
<kw name="Get Length" library="BuiltIn">
<doc>Returns and logs the length of the given item as an integer.</doc>
<arguments>
<arg>${surNames}</arg>
</arguments>
<assign>
<var>${numberSurNames}</var>
</assign>
<msg timestamp="20201005 22:30:58.148" level="INFO">Length is 12</msg>
<msg timestamp="20201005 22:30:58.148" level="INFO">${numberSurNames} = 12</msg>
<status status="PASS" starttime="20201005 22:30:58.148" endtime="20201005 22:30:58.148"></status>
</kw>
<kw name="Run Keyword" library="BuiltIn">
<doc>Executes the given keyword with the given arguments.</doc>
<arguments>
<arg>Evaluate</arg>
<arg>${numberSurNames}-1</arg>
</arguments>
<assign>
<var>${numberSurNames}</var>
</assign>
<kw name="Evaluate" library="BuiltIn">
<doc>Evaluates the given expression in Python and returns the result.</doc>
<arguments>
<arg>${numberSurNames}-1</arg>
</arguments>
<status status="PASS" starttime="20201005 22:30:58.149" endtime="20201005 22:30:58.149"></status>
</kw>
<msg timestamp="20201005 22:30:58.149" level="INFO">${numberSurNames} = 11</msg>
<status status="PASS" starttime="20201005 22:30:58.149" endtime="20201005 22:30:58.149"></status>
</kw>
<kw name="Set Variable" library="BuiltIn">
<doc>Returns the given values which can then be assigned to a variables.</doc>
<arguments>
<arg>random.randint(0, ${numberSurNames})</arg>
</arguments>
<assign>
<var>${temp}</var>
</assign>
<msg timestamp="20201005 22:30:58.150" level="INFO">${temp} = random.randint(0, 11)</msg>
<status status="PASS" starttime="20201005 22:30:58.149" endtime="20201005 22:30:58.150"></status>
</kw>
<kw name="Evaluate" library="BuiltIn">
<doc>Evaluates the given expression in Python and returns the result.</doc>
<arguments>
<arg>${temp}</arg>
<arg>modules=random,sys</arg>
</arguments>
<assign>
<var>${index}</var>
</assign>
<msg timestamp="20201005 22:30:58.150" level="INFO">${index} = 7</msg>
<status status="PASS" starttime="20201005 22:30:58.150" endtime="20201005 22:30:58.150"></status>
</kw>
<kw name="Get From List" library="Collections">
<doc>Returns the value specified with an ``index`` from ``list``.</doc>
<arguments>
<arg>${surNames}</arg>
<arg>${index}</arg>
</arguments>
<assign>
<var>${randSurName}</var>
</assign>
<msg timestamp="20201005 22:30:58.150" level="INFO">${randSurName} = Alexandris</msg>
<status status="PASS" starttime="20201005 22:30:58.150" endtime="20201005 22:30:58.150"></status>
</kw>
<kw name="Get Length" library="BuiltIn">
<doc>Returns and logs the length of the given item as an integer.</doc>
<arguments>
<arg>${maleNames}</arg>
</arguments>
<assign>
<var>${numberMaleNames}</var>
</assign>
<msg timestamp="20201005 22:30:58.151" level="INFO">Length is 16</msg>
<msg timestamp="20201005 22:30:58.151" level="INFO">${numberMaleNames} = 16</msg>
<status status="PASS" starttime="20201005 22:30:58.150" endtime="20201005 22:30:58.151"></status>
</kw>
<kw name="Run Keyword" library="BuiltIn">
<doc>Executes the given keyword with the given arguments.</doc>
<arguments>
<arg>Evaluate</arg>
<arg>${numberMaleNames}-1</arg>
</arguments>
<assign>
<var>${numberMaleNames}</var>
</assign>
<kw name="Evaluate" library="BuiltIn">
<doc>Evaluates the given expression in Python and returns the result.</doc>
<arguments>
<arg>${numberMaleNames}-1</arg>
</arguments>
<status status="PASS" starttime="20201005 22:30:58.151" endtime="20201005 22:30:58.151"></status>
</kw>
<msg timestamp="20201005 22:30:58.151" level="INFO">${numberMaleNames} = 15</msg>
<status status="PASS" starttime="20201005 22:30:58.151" endtime="20201005 22:30:58.151"></status>
</kw>
<kw name="Set Variable" library="BuiltIn">
<doc>Returns the given values which can then be assigned to a variables.</doc>
<arguments>
<arg>random.randint(0, ${numberMaleNames})</arg>
</arguments>
<assign>
<var>${temp}</var>
</assign>
<msg timestamp="20201005 22:30:58.152" level="INFO">${temp} = random.randint(0, 15)</msg>
<status status="PASS" starttime="20201005 22:30:58.151" endtime="20201005 22:30:58.152"></status>
</kw>
<kw name="Evaluate" library="BuiltIn">
<doc>Evaluates the given expression in Python and returns the result.</doc>
<arguments>
<arg>${temp}</arg>
<arg>modules=random,sys</arg>
</arguments>
<assign>
<var>${index}</var>
</assign>
<msg timestamp="20201005 22:30:58.152" level="INFO">${index} = 10</msg>
<status status="PASS" starttime="20201005 22:30:58.152" endtime="20201005 22:30:58.152"></status>
</kw>
<kw name="Get From List" library="Collections">
<doc>Returns the value specified with an ``index`` from ``list``.</doc>
<arguments>
<arg>${maleNames}</arg>
<arg>${index}</arg>
</arguments>
<assign>
<var>${randMaleName}</var>
</assign>
<msg timestamp="20201005 22:30:58.153" level="INFO">${randMaleName} = Adolph</msg>
<status status="PASS" starttime="20201005 22:30:58.152" endtime="20201005 22:30:58.153"></status>
</kw>
<kw name="Get Length" library="BuiltIn">
<doc>Returns and logs the length of the given item as an integer.</doc>
<arguments>
<arg>${femaleNames}</arg>
</arguments>
<assign>
<var>${numberFemaleNames}</var>
</assign>
<msg timestamp="20201005 22:30:58.153" level="INFO">Length is 13</msg>
<msg timestamp="20201005 22:30:58.153" level="INFO">${numberFemaleNames} = 13</msg>
<status status="PASS" starttime="20201005 22:30:58.153" endtime="20201005 22:30:58.153"></status>
</kw>
<kw name="Run Keyword" library="BuiltIn">
<doc>Executes the given keyword with the given arguments.</doc>
<arguments>
<arg>Evaluate</arg>
<arg>${numberFemaleNames}-1</arg>
</arguments>
<assign>
<var>${numberFemaleNames}</var>
</assign>
<kw name="Evaluate" library="BuiltIn">
<doc>Evaluates the given expression in Python and returns the result.</doc>
<arguments>
<arg>${numberFemaleNames}-1</arg>
</arguments>
<status status="PASS" starttime="20201005 22:30:58.155" endtime="20201005 22:30:58.155"></status>
</kw>
<msg timestamp="20201005 22:30:58.155" level="INFO">${numberFemaleNames} = 12</msg>
<status status="PASS" starttime="20201005 22:30:58.154" endtime="20201005 22:30:58.155"></status>
</kw>
<kw name="Set Variable" library="BuiltIn">
<doc>Returns the given values which can then be assigned to a variables.</doc>
<arguments>
<arg>random.randint(0, ${numberFemaleNames})</arg>
</arguments>
<assign>
<var>${temp}</var>
</assign>
<msg timestamp="20201005 22:30:58.156" level="INFO">${temp} = random.randint(0, 12)</msg>
<status status="PASS" starttime="20201005 22:30:58.155" endtime="20201005 22:30:58.156"></status>
</kw>
<kw name="Evaluate" library="BuiltIn">
<doc>Evaluates the given expression in Python and returns the result.</doc>
<arguments>
<arg>${temp}</arg>
<arg>modules=random,sys</arg>
</arguments>
<assign>
<var>${index}</var>
</assign>
<msg timestamp="20201005 22:30:58.156" level="INFO">${index} = 11</msg>
<status status="PASS" starttime="20201005 22:30:58.156" endtime="20201005 22:30:58.156"></status>
</kw>
<kw name="Get From List" library="Collections">
<doc>Returns the value specified with an ``index`` from ``list``.</doc>
<arguments>
<arg>${femaleNames}</arg>
<arg>${index}</arg>
</arguments>
<assign>
<var>${randFemaleName}</var>
</assign>
<msg timestamp="20201005 22:30:58.157" level="INFO">${randFemaleName} = Echo</msg>
<status status="PASS" starttime="20201005 22:30:58.156" endtime="20201005 22:30:58.157"></status>
</kw>
<kw name="Set Variable If" library="BuiltIn">
<doc>Sets variable based on the given condition.</doc>
<arguments>
<arg>${randGender}==0</arg>
<arg>${randMaleName}</arg>
<arg>${randFemaleName}</arg>
</arguments>
<assign>
<var>${givenName}</var>
</assign>
<msg timestamp="20201005 22:30:58.157" level="INFO">${givenName} = Adolph</msg>
<status status="PASS" starttime="20201005 22:30:58.157" endtime="20201005 22:30:58.157"></status>
</kw>
<kw name="Set Variable If" library="BuiltIn">
<doc>Sets variable based on the given condition.</doc>
<arguments>
<arg>${randGender}==0</arg>
<arg>Male</arg>
<arg>Female</arg>
</arguments>
<assign>
<var>${gender}</var>
</assign>
<msg timestamp="20201005 22:30:58.157" level="INFO">${gender} = Male</msg>
<status status="PASS" starttime="20201005 22:30:58.157" endtime="20201005 22:30:58.157"></status>
</kw>
<msg timestamp="20201005 22:30:58.158" level="INFO">${x} = ['Adolph', 'Alexandris', 'Male']</msg>
<status status="PASS" starttime="20201005 22:30:58.146" endtime="20201005 22:30:58.158"></status>
</kw>
<kw name="Log" library="BuiltIn">
<doc>Logs the given message with the given level.</doc>
<arguments>
<arg>${x}</arg>
</arguments>
<msg timestamp="20201005 22:30:58.158" level="INFO">['Adolph', 'Alexandris', 'Male']</msg>
<status status="PASS" starttime="20201005 22:30:58.158" endtime="20201005 22:30:58.158"></status>
</kw>
<status status="PASS" starttime="20201005 22:30:58.145" endtime="20201005 22:30:58.158" critical="yes"></status>
</test>
<doc>A resource file with reusable keywords and variables.

The system specific keywords created here form our own
domain specific language. They utilize keywords provided
by the imported Selenium2Library.</doc>
<status status="PASS" starttime="20201005 22:30:57.892" endtime="20201005 22:30:58.160"></status>
</suite>
<status status="PASS" starttime="20201005 22:30:57.867" endtime="20201005 22:30:58.161"></status>
</suite>
<statistics>
<total>
<stat pass="1" fail="0">Critical Tests</stat>
<stat pass="1" fail="0">All Tests</stat>
</total>
<tag>
</tag>
<suite>
<stat pass="1" fail="0" id="s1" name="Robot-Framework">Robot-Framework</stat>
<stat pass="1" fail="0" id="s1-s1" name="Test">Robot-Framework.Test</stat>
</suite>
</statistics>
<errors>
</errors>
</robot>
